<?xml version="1.0" encoding="UTF-8"?>
<!-- Generated by org.testng.reporters.JUnitXMLReporter -->
<testsuite ignored="1" hostname="ANIKET" failures="1" tests="7" name="Test" time="0.087" errors="0" timestamp="2022-09-08T00:19:35 IST">
  <testcase classname="TestPackage.TestClassB_TestNG" name="testA" time="0.011"/>
  <testcase classname="TestPackage.TestClassA_TestNG" name="testA" time="0.002">
    <failure type="java.lang.AssertionError" message="null">
      <![CDATA[java.lang.AssertionError: null
at TestPackage.TestClassA_TestNG.testA(TestClassA_TestNG.java:43)
at java.base/java.util.ArrayList.forEach(ArrayList.java:1511)
at java.base/java.util.concurrent.FutureTask.run(FutureTask.java:264)
at java.base/java.util.concurrent.ThreadPoolExecutor.runWorker(ThreadPoolExecutor.java:1136)
at java.base/java.util.concurrent.ThreadPoolExecutor$Worker.run(ThreadPoolExecutor.java:635)
at java.base/java.lang.Thread.run(Thread.java:833)
... Removed 20 stack frames]]>
    </failure>
  </testcase> <!-- testA -->
  <testcase classname="TestPackage.TestClassB_TestNG" name="testC" time="0.001"/>
  <testcase classname="TestPackage.TestClassB_TestNG" name="testb" time="0.006"/>
  <testcase classname="TestPackage.TestClassA_TestNG" name="testC" time="0.002"/>
  <testcase classname="TestPackage.TestClassA_TestNG" name="testC" time="0.001"/>
  <testcase classname="TestPackage.TestClassA_TestNG" name="testC" time="0.001"/>
  <testcase classname="TestPackage.TestClassA_TestNG" name="testB" time="0.0">
    <ignored/>
  </testcase> <!-- testB -->
</testsuite> <!-- Test -->
